<?xml version="1.0" encoding="UTF-8"?>
<!-- Generated by org.testng.reporters.JUnitReportReporter -->
<testsuite hostname="DESKTOP-Q0PNV2H" failures="0" tests="1" name="shoppingCartFunctionality.addItemToShoppingCart" time="3.901" errors="0" timestamp="2023-06-19T22:23:29 EDT" skipped="0">
  <testcase classname="shoppingCartFunctionality.addItemToShoppingCart" name="addAnItemToShoppingCart" time="3.901"/>
  <system-out/>
</testsuite> <!-- shoppingCartFunctionality.addItemToShoppingCart -->
