<?xml version="1.0" encoding="UTF-8"?>
<!-- Generated by org.testng.reporters.JUnitReportReporter -->
<testsuite hostname="Dadaslaptop" failures="0" tests="1" name="wishListFunctionality.verifyWishlistPersistence" time="9.562" errors="0" timestamp="2023-06-21T19:22:22 ACST" skipped="0">
  <testcase classname="wishListFunctionality.verifyWishlistPersistence" name="test3" time="9.562"/>
  <system-out/>
</testsuite> <!-- wishListFunctionality.verifyWishlistPersistence -->
