<?xml version="1.0" encoding="UTF-8"?>
<!-- Generated by org.testng.reporters.JUnitReportReporter -->
<testsuite hostname="Dadaslaptop" failures="0" tests="1" name="wishListFunctionality.removeProductFromWishlist" time="9.543" errors="0" timestamp="2023-06-21T19:21:32 ACST" skipped="0">
  <testcase classname="wishListFunctionality.removeProductFromWishlist" name="test2" time="9.543"/>
  <system-out/>
</testsuite> <!-- wishListFunctionality.removeProductFromWishlist -->
