<?xml version="1.0" encoding="UTF-8"?>
<!-- Generated by org.testng.reporters.JUnitReportReporter -->
<testsuite hostname="Dadaslaptop" failures="0" tests="1" name="wishListFunctionality.addProductToWishlist" time="7.028" errors="0" timestamp="2023-06-21T19:16:48 ACST" skipped="0">
  <testcase classname="wishListFunctionality.addProductToWishlist" name="test1" time="7.028"/>
  <system-out/>
</testsuite> <!-- wishListFunctionality.addProductToWishlist -->
