<?xml version="1.0" encoding="UTF-8"?>
<!-- Generated by org.testng.reporters.JUnitReportReporter -->
<testsuite hostname="Aytursuns-MacBook-Pro.local" failures="0" tests="1" name="registrationFunctionality.successfulRegistration" time="6.766" errors="0" timestamp="2023-06-19T23:26:43 AEST" skipped="0">
  <testcase classname="registrationFunctionality.successfulRegistration" name="test1" time="6.766"/>
  <system-out/>
</testsuite> <!-- registrationFunctionality.successfulRegistration -->
