<?xml version="1.0" encoding="UTF-8"?>
<!-- Generated by org.testng.reporters.JUnitReportReporter -->
<testsuite hostname="payzASUS" failures="0" tests="1" name="checkoutFunctionality.successfulCheckoutProcess" time="12.139" errors="0" timestamp="2023-06-17T14:52:23 ACST" skipped="0">
  <testcase classname="checkoutFunctionality.successfulCheckoutProcess" name="test1" time="12.139"/>
  <system-out/>
</testsuite> <!-- checkoutFunctionality.successfulCheckoutProcess -->
