<?xml version="1.0" encoding="UTF-8"?>
<!-- Generated by org.testng.reporters.JUnitReportReporter -->
<testsuite hostname="Dadaslaptop" failures="0" tests="1" name="wishListFunctionality.addProductToWishlist" time="11.632" errors="0" timestamp="2023-06-21T22:35:05 ACST" skipped="0">
  <testcase classname="wishListFunctionality.addProductToWishlist" name="test1" time="11.632"/>
  <system-out/>
</testsuite> <!-- wishListFunctionality.addProductToWishlist -->
