<?xml version="1.0" encoding="UTF-8"?>
<!-- Generated by org.testng.reporters.JUnitReportReporter -->
<testsuite hostname="Aytursuns-MacBook-Pro.local" failures="0" tests="1" name="registrationFunctionality.registerExistingEmailAddress" time="6.190" errors="0" timestamp="2023-06-19T23:55:25 AEST" skipped="0">
  <testcase classname="registrationFunctionality.registerExistingEmailAddress" name="testcase3" time="6.190"/>
  <system-out/>
</testsuite> <!-- registrationFunctionality.registerExistingEmailAddress -->
